Apr 15, 2014 1:51:29 AM org.apache.catalina.startup.Catalina initDirs
Grave: Cannot find specified temporary folder at /Users/fmy/Desktop/apache-exemplos-angular/temp
Apr 15, 2014 1:51:30 AM org.apache.catalina.core.AprLifecycleListener init
Informações: The APR based Apache Tomcat Native library which allows optimal performance in production environments was not found on the java.library.path: /Users/fmy/Library/Java/Extensions:/Library/Java/Extensions:/Network/Library/Java/Extensions:/System/Library/Java/Extensions:/usr/lib/java:.
Apr 15, 2014 1:51:31 AM org.apache.coyote.AbstractProtocol init
Informações: Initializing ProtocolHandler ["http-bio-8080"]
Apr 15, 2014 1:51:32 AM org.apache.coyote.AbstractProtocol init
Informações: Initializing ProtocolHandler ["ajp-bio-8009"]
Apr 15, 2014 1:51:32 AM org.apache.catalina.startup.Catalina load
Informações: Initialization processed in 2528 ms
Apr 15, 2014 1:51:32 AM org.apache.catalina.core.StandardService startInternal
Informações: Starting service Catalina
Apr 15, 2014 1:51:32 AM org.apache.catalina.core.StandardEngine startInternal
Informações: Starting Servlet Engine: Apache Tomcat/7.0.39
Apr 15, 2014 1:51:32 AM org.apache.catalina.startup.HostConfig deployDirectory
Informações: Deploying web application directory /Users/fmy/Desktop/apache-exemplos-angular/webapps/.metadata
Apr 15, 2014 1:51:33 AM org.apache.catalina.util.SessionIdGenerator createSecureRandom
Informações: Creation of SecureRandom instance for session ID generation using [SHA1PRNG] took [322] milliseconds.
Apr 15, 2014 1:51:33 AM org.apache.catalina.startup.HostConfig deployDirectory
Informações: Deploying web application directory /Users/fmy/Desktop/apache-exemplos-angular/webapps/docs
Apr 15, 2014 1:51:33 AM org.apache.catalina.startup.HostConfig deployDirectory
Informações: Deploying web application directory /Users/fmy/Desktop/apache-exemplos-angular/webapps/examples
Apr 15, 2014 1:51:33 AM org.apache.catalina.startup.HostConfig deployDirectory
Informações: Deploying web application directory /Users/fmy/Desktop/apache-exemplos-angular/webapps/exemploIonic
Apr 15, 2014 1:51:33 AM org.apache.catalina.startup.HostConfig deployDirectory
Informações: Deploying web application directory /Users/fmy/Desktop/apache-exemplos-angular/webapps/exemploTopcoat
Apr 15, 2014 1:51:33 AM org.apache.catalina.startup.HostConfig deployDirectory
Informações: Deploying web application directory /Users/fmy/Desktop/apache-exemplos-angular/webapps/host-manager
Apr 15, 2014 1:51:33 AM org.apache.catalina.startup.HostConfig deployDirectory
Informações: Deploying web application directory /Users/fmy/Desktop/apache-exemplos-angular/webapps/ionicTeste
Apr 15, 2014 1:51:34 AM org.apache.catalina.startup.HostConfig deployDirectory
Informações: Deploying web application directory /Users/fmy/Desktop/apache-exemplos-angular/webapps/manager
Apr 15, 2014 1:51:34 AM org.apache.catalina.startup.HostConfig deployDirectory
Informações: Deploying web application directory /Users/fmy/Desktop/apache-exemplos-angular/webapps/myApp
Apr 15, 2014 1:51:34 AM org.apache.catalina.startup.HostConfig deployDirectory
Informações: Deploying web application directory /Users/fmy/Desktop/apache-exemplos-angular/webapps/ROOT
Apr 15, 2014 1:51:34 AM org.apache.catalina.startup.HostConfig deployDirectory
Informações: Deploying web application directory /Users/fmy/Desktop/apache-exemplos-angular/webapps/topcoat-0.8.0
Apr 15, 2014 1:51:34 AM org.apache.catalina.startup.HostConfig deployDirectory
Informações: Deploying web application directory /Users/fmy/Desktop/apache-exemplos-angular/webapps/treinamentoAngular
Apr 15, 2014 1:51:34 AM org.apache.coyote.AbstractProtocol start
Informações: Starting ProtocolHandler ["http-bio-8080"]
Apr 15, 2014 1:51:34 AM org.apache.coyote.AbstractProtocol start
Informações: Starting ProtocolHandler ["ajp-bio-8009"]
Apr 15, 2014 1:51:34 AM org.apache.catalina.startup.Catalina start
Informações: Server startup in 2398 ms
Apr 15, 2014 1:52:54 AM org.apache.catalina.startup.HostConfig deleteRedeployResources
Informações: Undeploying context [/ionicTeste]
Apr 15, 2014 2:04:04 AM org.apache.coyote.AbstractProtocol pause
Informações: Pausing ProtocolHandler ["http-bio-8080"]
Apr 15, 2014 2:04:04 AM org.apache.coyote.AbstractProtocol pause
Informações: Pausing ProtocolHandler ["ajp-bio-8009"]
Apr 15, 2014 2:04:04 AM org.apache.catalina.core.StandardService stopInternal
Informações: Stopping service Catalina
Apr 15, 2014 2:04:04 AM org.apache.coyote.AbstractProtocol stop
Informações: Stopping ProtocolHandler ["http-bio-8080"]
Apr 15, 2014 2:04:04 AM org.apache.coyote.AbstractProtocol stop
Informações: Stopping ProtocolHandler ["ajp-bio-8009"]
Apr 15, 2014 2:04:04 AM org.apache.coyote.AbstractProtocol destroy
Informações: Destroying ProtocolHandler ["http-bio-8080"]
Apr 15, 2014 2:04:04 AM org.apache.coyote.AbstractProtocol destroy
Informações: Destroying ProtocolHandler ["ajp-bio-8009"]
