Jun 20, 2014 3:30:21 PM org.apache.catalina.startup.Catalina initDirs
Grave: Cannot find specified temporary folder at /Users/Maczaum/Documents/Banggo Mobile/Apache_Exemplo_Angular/temp
Jun 20, 2014 3:30:23 PM org.apache.catalina.core.AprLifecycleListener init
Informações: The APR based Apache Tomcat Native library which allows optimal performance in production environments was not found on the java.library.path: /Users/Maczaum/Library/Java/Extensions:/Library/Java/Extensions:/Network/Library/Java/Extensions:/System/Library/Java/Extensions:/usr/lib/java:.
Jun 20, 2014 3:30:27 PM org.apache.coyote.AbstractProtocol init
Informações: Initializing ProtocolHandler ["http-bio-8080"]
Jun 20, 2014 3:30:27 PM org.apache.coyote.AbstractProtocol init
Informações: Initializing ProtocolHandler ["ajp-bio-8009"]
Jun 20, 2014 3:30:27 PM org.apache.catalina.startup.Catalina load
Informações: Initialization processed in 6077 ms
Jun 20, 2014 3:30:27 PM org.apache.catalina.core.StandardService startInternal
Informações: Starting service Catalina
Jun 20, 2014 3:30:27 PM org.apache.catalina.core.StandardEngine startInternal
Informações: Starting Servlet Engine: Apache Tomcat/7.0.39
Jun 20, 2014 3:30:27 PM org.apache.catalina.startup.HostConfig deployDirectory
Informações: Deploying web application directory /Users/Maczaum/Documents/Banggo Mobile/Apache_Exemplo_Angular/webapps/.metadata
Jun 20, 2014 3:30:28 PM org.apache.catalina.startup.HostConfig deployDirectory
Informações: Deploying web application directory /Users/Maczaum/Documents/Banggo Mobile/Apache_Exemplo_Angular/webapps/docs
Jun 20, 2014 3:30:29 PM org.apache.catalina.startup.HostConfig deployDirectory
Informações: Deploying web application directory /Users/Maczaum/Documents/Banggo Mobile/Apache_Exemplo_Angular/webapps/examples
Jun 20, 2014 3:30:29 PM org.apache.catalina.startup.HostConfig deployDirectory
Informações: Deploying web application directory /Users/Maczaum/Documents/Banggo Mobile/Apache_Exemplo_Angular/webapps/exemploIonic
Jun 20, 2014 3:30:29 PM org.apache.catalina.startup.HostConfig deployDirectory
Informações: Deploying web application directory /Users/Maczaum/Documents/Banggo Mobile/Apache_Exemplo_Angular/webapps/exemploTopcoat
Jun 20, 2014 3:30:29 PM org.apache.catalina.startup.HostConfig deployDirectory
Informações: Deploying web application directory /Users/Maczaum/Documents/Banggo Mobile/Apache_Exemplo_Angular/webapps/host-manager
Jun 20, 2014 3:30:29 PM org.apache.catalina.startup.HostConfig deployDirectory
Informações: Deploying web application directory /Users/Maczaum/Documents/Banggo Mobile/Apache_Exemplo_Angular/webapps/manager
Jun 20, 2014 3:30:29 PM org.apache.catalina.startup.HostConfig deployDirectory
Informações: Deploying web application directory /Users/Maczaum/Documents/Banggo Mobile/Apache_Exemplo_Angular/webapps/myApp
Jun 20, 2014 3:30:30 PM org.apache.catalina.startup.HostConfig deployDirectory
Informações: Deploying web application directory /Users/Maczaum/Documents/Banggo Mobile/Apache_Exemplo_Angular/webapps/ROOT
Jun 20, 2014 3:30:30 PM org.apache.catalina.startup.HostConfig deployDirectory
Informações: Deploying web application directory /Users/Maczaum/Documents/Banggo Mobile/Apache_Exemplo_Angular/webapps/topcoat-0.8.0
Jun 20, 2014 3:30:30 PM org.apache.catalina.startup.HostConfig deployDirectory
Informações: Deploying web application directory /Users/Maczaum/Documents/Banggo Mobile/Apache_Exemplo_Angular/webapps/treinamentoAngular
Jun 20, 2014 3:30:30 PM org.apache.coyote.AbstractProtocol start
Informações: Starting ProtocolHandler ["http-bio-8080"]
Jun 20, 2014 3:30:30 PM org.apache.coyote.AbstractProtocol start
Informações: Starting ProtocolHandler ["ajp-bio-8009"]
Jun 20, 2014 3:30:30 PM org.apache.catalina.startup.Catalina start
Informações: Server startup in 2887 ms
Jun 20, 2014 6:11:30 PM org.apache.coyote.AbstractProtocol pause
Informações: Pausing ProtocolHandler ["http-bio-8080"]
Jun 20, 2014 6:11:30 PM org.apache.coyote.AbstractProtocol pause
Informações: Pausing ProtocolHandler ["ajp-bio-8009"]
Jun 20, 2014 6:11:30 PM org.apache.catalina.core.StandardService stopInternal
Informações: Stopping service Catalina
Jun 20, 2014 6:11:30 PM org.apache.coyote.AbstractProtocol stop
Informações: Stopping ProtocolHandler ["http-bio-8080"]
Jun 20, 2014 6:11:30 PM org.apache.coyote.AbstractProtocol stop
Informações: Stopping ProtocolHandler ["ajp-bio-8009"]
Jun 20, 2014 6:11:30 PM org.apache.coyote.AbstractProtocol destroy
Informações: Destroying ProtocolHandler ["http-bio-8080"]
Jun 20, 2014 6:11:30 PM org.apache.coyote.AbstractProtocol destroy
Informações: Destroying ProtocolHandler ["ajp-bio-8009"]
