Mar 13, 2014 3:38:59 PM org.apache.catalina.startup.Catalina initDirs
Grave: Cannot find specified temporary folder at /Users/fmy/Desktop/apache-tomcat-7.0.39/temp
Mar 13, 2014 3:39:01 PM org.apache.catalina.core.AprLifecycleListener init
Informações: The APR based Apache Tomcat Native library which allows optimal performance in production environments was not found on the java.library.path: /Users/fmy/Library/Java/Extensions:/Library/Java/Extensions:/Network/Library/Java/Extensions:/System/Library/Java/Extensions:/usr/lib/java:.
Mar 13, 2014 3:39:03 PM org.apache.coyote.AbstractProtocol init
Informações: Initializing ProtocolHandler ["http-bio-8080"]
Mar 13, 2014 3:39:03 PM org.apache.coyote.AbstractProtocol init
Informações: Initializing ProtocolHandler ["ajp-bio-8009"]
Mar 13, 2014 3:39:03 PM org.apache.catalina.startup.Catalina load
Informações: Initialization processed in 4205 ms
Mar 13, 2014 3:39:03 PM org.apache.catalina.core.StandardService startInternal
Informações: Starting service Catalina
Mar 13, 2014 3:39:03 PM org.apache.catalina.core.StandardEngine startInternal
Informações: Starting Servlet Engine: Apache Tomcat/7.0.39
Mar 13, 2014 3:39:03 PM org.apache.catalina.startup.HostConfig deployDirectory
Informações: Deploying web application directory /Users/fmy/Desktop/apache-tomcat-7.0.39/webapps/.metadata
Mar 13, 2014 3:39:05 PM org.apache.catalina.util.SessionIdGenerator createSecureRandom
Informações: Creation of SecureRandom instance for session ID generation using [SHA1PRNG] took [386] milliseconds.
Mar 13, 2014 3:39:05 PM org.apache.catalina.startup.HostConfig deployDirectory
Informações: Deploying web application directory /Users/fmy/Desktop/apache-tomcat-7.0.39/webapps/docs
Mar 13, 2014 3:39:05 PM org.apache.catalina.startup.HostConfig deployDirectory
Informações: Deploying web application directory /Users/fmy/Desktop/apache-tomcat-7.0.39/webapps/examples
Mar 13, 2014 3:39:06 PM org.apache.catalina.startup.HostConfig deployDirectory
Informações: Deploying web application directory /Users/fmy/Desktop/apache-tomcat-7.0.39/webapps/host-manager
Mar 13, 2014 3:39:06 PM org.apache.catalina.startup.HostConfig deployDirectory
Informações: Deploying web application directory /Users/fmy/Desktop/apache-tomcat-7.0.39/webapps/ionicTeste
Mar 13, 2014 3:39:06 PM org.apache.catalina.startup.HostConfig deployDirectory
Informações: Deploying web application directory /Users/fmy/Desktop/apache-tomcat-7.0.39/webapps/manager
Mar 13, 2014 3:39:06 PM org.apache.catalina.startup.HostConfig deployDirectory
Informações: Deploying web application directory /Users/fmy/Desktop/apache-tomcat-7.0.39/webapps/ROOT
Mar 13, 2014 3:39:06 PM org.apache.coyote.AbstractProtocol start
Informações: Starting ProtocolHandler ["http-bio-8080"]
Mar 13, 2014 3:39:06 PM org.apache.coyote.AbstractProtocol start
Informações: Starting ProtocolHandler ["ajp-bio-8009"]
Mar 13, 2014 3:39:06 PM org.apache.catalina.startup.Catalina start
Informações: Server startup in 3226 ms
Mar 13, 2014 4:00:07 PM org.apache.catalina.startup.HostConfig deployDirectory
Informações: Deploying web application directory /Users/fmy/Desktop/apache-tomcat-7.0.39/webapps/demo
Mar 13, 2014 4:01:27 PM org.apache.catalina.startup.HostConfig deployDirectory
Informações: Deploying web application directory /Users/fmy/Desktop/apache-tomcat-7.0.39/webapps/topcoat-0.8.0
Mar 13, 2014 4:01:37 PM org.apache.catalina.startup.HostConfig deleteRedeployResources
Informações: Undeploying context [/demo]
Mar 13, 2014 5:35:09 PM org.apache.catalina.startup.HostConfig deployDirectory
Informações: Deploying web application directory /Users/fmy/Desktop/apache-tomcat-7.0.39/webapps/myApp1
