Mar 14, 2014 12:26:14 PM org.apache.catalina.startup.HostConfig deployDirectory
Informações: Deploying web application directory /Users/fmy/Desktop/apache-tomcat-7.0.39/webapps/angular-directory-master
Mar 14, 2014 12:26:34 PM org.apache.catalina.startup.HostConfig deleteRedeployResources
Informações: Undeploying context [/angular-directory-master]
Mar 14, 2014 12:26:35 PM org.apache.catalina.startup.HostConfig deployDirectory
Informações: Deploying web application directory /Users/fmy/Desktop/apache-tomcat-7.0.39/webapps/exemploTopcoat
Mar 14, 2014 12:26:41 PM org.apache.coyote.AbstractProtocol pause
Informações: Pausing ProtocolHandler ["http-bio-8080"]
Mar 14, 2014 12:26:42 PM org.apache.coyote.AbstractProtocol pause
Informações: Pausing ProtocolHandler ["ajp-bio-8009"]
Mar 14, 2014 12:26:42 PM org.apache.catalina.core.StandardService stopInternal
Informações: Stopping service Catalina
Mar 14, 2014 12:26:42 PM org.apache.coyote.AbstractProtocol stop
Informações: Stopping ProtocolHandler ["http-bio-8080"]
Mar 14, 2014 12:26:42 PM org.apache.coyote.AbstractProtocol stop
Informações: Stopping ProtocolHandler ["ajp-bio-8009"]
Mar 14, 2014 12:26:42 PM org.apache.coyote.AbstractProtocol destroy
Informações: Destroying ProtocolHandler ["http-bio-8080"]
Mar 14, 2014 12:26:42 PM org.apache.coyote.AbstractProtocol destroy
Informações: Destroying ProtocolHandler ["ajp-bio-8009"]
Mar 14, 2014 12:26:52 PM org.apache.catalina.startup.Catalina initDirs
Grave: Cannot find specified temporary folder at /Users/fmy/Desktop/apache-tomcat-7.0.39/temp
Mar 14, 2014 12:26:52 PM org.apache.catalina.core.AprLifecycleListener init
Informações: The APR based Apache Tomcat Native library which allows optimal performance in production environments was not found on the java.library.path: /Users/fmy/Library/Java/Extensions:/Library/Java/Extensions:/Network/Library/Java/Extensions:/System/Library/Java/Extensions:/usr/lib/java:.
Mar 14, 2014 12:26:53 PM org.apache.coyote.AbstractProtocol init
Informações: Initializing ProtocolHandler ["http-bio-8080"]
Mar 14, 2014 12:26:53 PM org.apache.coyote.AbstractProtocol init
Informações: Initializing ProtocolHandler ["ajp-bio-8009"]
Mar 14, 2014 12:26:53 PM org.apache.catalina.startup.Catalina load
Informações: Initialization processed in 1606 ms
Mar 14, 2014 12:26:53 PM org.apache.catalina.core.StandardService startInternal
Informações: Starting service Catalina
Mar 14, 2014 12:26:53 PM org.apache.catalina.core.StandardEngine startInternal
Informações: Starting Servlet Engine: Apache Tomcat/7.0.39
Mar 14, 2014 12:26:53 PM org.apache.catalina.startup.HostConfig deployDirectory
Informações: Deploying web application directory /Users/fmy/Desktop/apache-tomcat-7.0.39/webapps/.metadata
Mar 14, 2014 12:26:54 PM org.apache.catalina.util.SessionIdGenerator createSecureRandom
Informações: Creation of SecureRandom instance for session ID generation using [SHA1PRNG] took [333] milliseconds.
Mar 14, 2014 12:26:54 PM org.apache.catalina.startup.HostConfig deployDirectory
Informações: Deploying web application directory /Users/fmy/Desktop/apache-tomcat-7.0.39/webapps/docs
Mar 14, 2014 12:26:55 PM org.apache.catalina.startup.HostConfig deployDirectory
Informações: Deploying web application directory /Users/fmy/Desktop/apache-tomcat-7.0.39/webapps/examples
Mar 14, 2014 12:26:55 PM org.apache.catalina.startup.HostConfig deployDirectory
Informações: Deploying web application directory /Users/fmy/Desktop/apache-tomcat-7.0.39/webapps/exemploTopcoat
Mar 14, 2014 12:26:55 PM org.apache.catalina.startup.HostConfig deployDirectory
Informações: Deploying web application directory /Users/fmy/Desktop/apache-tomcat-7.0.39/webapps/host-manager
Mar 14, 2014 12:26:55 PM org.apache.catalina.startup.HostConfig deployDirectory
Informações: Deploying web application directory /Users/fmy/Desktop/apache-tomcat-7.0.39/webapps/ionicTeste
Mar 14, 2014 12:26:55 PM org.apache.catalina.startup.HostConfig deployDirectory
Informações: Deploying web application directory /Users/fmy/Desktop/apache-tomcat-7.0.39/webapps/manager
Mar 14, 2014 12:26:55 PM org.apache.catalina.startup.HostConfig deployDirectory
Informações: Deploying web application directory /Users/fmy/Desktop/apache-tomcat-7.0.39/webapps/myApp1
Mar 14, 2014 12:26:55 PM org.apache.catalina.startup.HostConfig deployDirectory
Informações: Deploying web application directory /Users/fmy/Desktop/apache-tomcat-7.0.39/webapps/ROOT
Mar 14, 2014 12:26:56 PM org.apache.catalina.startup.HostConfig deployDirectory
Informações: Deploying web application directory /Users/fmy/Desktop/apache-tomcat-7.0.39/webapps/topcoat-0.8.0
Mar 14, 2014 12:26:56 PM org.apache.coyote.AbstractProtocol start
Informações: Starting ProtocolHandler ["http-bio-8080"]
Mar 14, 2014 12:26:56 PM org.apache.coyote.AbstractProtocol start
Informações: Starting ProtocolHandler ["ajp-bio-8009"]
Mar 14, 2014 12:26:56 PM org.apache.catalina.startup.Catalina start
Informações: Server startup in 2304 ms
Mar 14, 2014 12:39:06 PM org.apache.catalina.startup.HostConfig deployDirectory
Informações: Deploying web application directory /Users/fmy/Desktop/apache-tomcat-7.0.39/webapps/directory-angular-ionic-master
Mar 14, 2014 12:39:16 PM org.apache.catalina.startup.HostConfig deleteRedeployResources
Informações: Undeploying context [/directory-angular-ionic-master]
Mar 14, 2014 12:39:17 PM org.apache.catalina.startup.HostConfig deployDirectory
Informações: Deploying web application directory /Users/fmy/Desktop/apache-tomcat-7.0.39/webapps/exemploIonic
Mar 14, 2014 2:20:41 PM org.apache.coyote.AbstractProtocol pause
Informações: Pausing ProtocolHandler ["http-bio-8080"]
Mar 14, 2014 2:20:41 PM org.apache.coyote.AbstractProtocol pause
Informações: Pausing ProtocolHandler ["ajp-bio-8009"]
Mar 14, 2014 2:20:41 PM org.apache.catalina.core.StandardService stopInternal
Informações: Stopping service Catalina
Mar 14, 2014 2:20:41 PM org.apache.coyote.AbstractProtocol stop
Informações: Stopping ProtocolHandler ["http-bio-8080"]
Mar 14, 2014 2:20:41 PM org.apache.coyote.AbstractProtocol stop
Informações: Stopping ProtocolHandler ["ajp-bio-8009"]
Mar 14, 2014 2:20:41 PM org.apache.coyote.AbstractProtocol destroy
Informações: Destroying ProtocolHandler ["http-bio-8080"]
Mar 14, 2014 2:20:41 PM org.apache.coyote.AbstractProtocol destroy
Informações: Destroying ProtocolHandler ["ajp-bio-8009"]
Mar 14, 2014 5:18:50 PM org.apache.catalina.startup.Catalina initDirs
Grave: Cannot find specified temporary folder at /Users/fmy/Desktop/apache-tomcat-7.0.39/temp
Mar 14, 2014 5:18:51 PM org.apache.catalina.core.AprLifecycleListener init
Informações: The APR based Apache Tomcat Native library which allows optimal performance in production environments was not found on the java.library.path: /Users/fmy/Library/Java/Extensions:/Library/Java/Extensions:/Network/Library/Java/Extensions:/System/Library/Java/Extensions:/usr/lib/java:.
Mar 14, 2014 5:18:52 PM org.apache.coyote.AbstractProtocol init
Informações: Initializing ProtocolHandler ["http-bio-8080"]
Mar 14, 2014 5:18:52 PM org.apache.coyote.AbstractProtocol init
Informações: Initializing ProtocolHandler ["ajp-bio-8009"]
Mar 14, 2014 5:18:52 PM org.apache.catalina.startup.Catalina load
Informações: Initialization processed in 1961 ms
Mar 14, 2014 5:18:52 PM org.apache.catalina.core.StandardService startInternal
Informações: Starting service Catalina
Mar 14, 2014 5:18:52 PM org.apache.catalina.core.StandardEngine startInternal
Informações: Starting Servlet Engine: Apache Tomcat/7.0.39
Mar 14, 2014 5:18:52 PM org.apache.catalina.startup.HostConfig deployDirectory
Informações: Deploying web application directory /Users/fmy/Desktop/apache-tomcat-7.0.39/webapps/.metadata
Mar 14, 2014 5:18:53 PM org.apache.catalina.util.SessionIdGenerator createSecureRandom
Informações: Creation of SecureRandom instance for session ID generation using [SHA1PRNG] took [301] milliseconds.
Mar 14, 2014 5:18:53 PM org.apache.catalina.startup.HostConfig deployDirectory
Informações: Deploying web application directory /Users/fmy/Desktop/apache-tomcat-7.0.39/webapps/docs
Mar 14, 2014 5:18:53 PM org.apache.catalina.startup.HostConfig deployDirectory
Informações: Deploying web application directory /Users/fmy/Desktop/apache-tomcat-7.0.39/webapps/examples
Mar 14, 2014 5:18:54 PM org.apache.catalina.startup.HostConfig deployDirectory
Informações: Deploying web application directory /Users/fmy/Desktop/apache-tomcat-7.0.39/webapps/exemploIonic
Mar 14, 2014 5:18:54 PM org.apache.catalina.startup.HostConfig deployDirectory
Informações: Deploying web application directory /Users/fmy/Desktop/apache-tomcat-7.0.39/webapps/exemploTopcoat
Mar 14, 2014 5:18:54 PM org.apache.catalina.startup.HostConfig deployDirectory
Informações: Deploying web application directory /Users/fmy/Desktop/apache-tomcat-7.0.39/webapps/host-manager
Mar 14, 2014 5:18:54 PM org.apache.catalina.startup.HostConfig deployDirectory
Informações: Deploying web application directory /Users/fmy/Desktop/apache-tomcat-7.0.39/webapps/ionicTeste
Mar 14, 2014 5:18:54 PM org.apache.catalina.startup.HostConfig deployDirectory
Informações: Deploying web application directory /Users/fmy/Desktop/apache-tomcat-7.0.39/webapps/manager
Mar 14, 2014 5:18:54 PM org.apache.catalina.startup.HostConfig deployDirectory
Informações: Deploying web application directory /Users/fmy/Desktop/apache-tomcat-7.0.39/webapps/myApp1
Mar 14, 2014 5:18:54 PM org.apache.catalina.startup.HostConfig deployDirectory
Informações: Deploying web application directory /Users/fmy/Desktop/apache-tomcat-7.0.39/webapps/ROOT
Mar 14, 2014 5:18:54 PM org.apache.catalina.startup.HostConfig deployDirectory
Informações: Deploying web application directory /Users/fmy/Desktop/apache-tomcat-7.0.39/webapps/topcoat-0.8.0
Mar 14, 2014 5:18:54 PM org.apache.catalina.startup.HostConfig deployDirectory
Informações: Deploying web application directory /Users/fmy/Desktop/apache-tomcat-7.0.39/webapps/treinamentoAngular
Mar 14, 2014 5:18:54 PM org.apache.coyote.AbstractProtocol start
Informações: Starting ProtocolHandler ["http-bio-8080"]
Mar 14, 2014 5:18:54 PM org.apache.coyote.AbstractProtocol start
Informações: Starting ProtocolHandler ["ajp-bio-8009"]
Mar 14, 2014 5:18:54 PM org.apache.catalina.startup.Catalina start
Informações: Server startup in 2276 ms
